Traceback (most recent call last):
  File "<frozen runpy>", line 198, in _run_module_as_main
  File "<frozen runpy>", line 88, in _run_code
  File "/usr/lib/python3.12/http/server.py", line 1314, in <module>
    test(
  File "/usr/lib/python3.12/http/server.py", line 1261, in test
    with ServerClass(addr, HandlerClass) as httpd:
         ^^^^^^^^^^^^^^^^^^^^^^^^^^^^^^^
  File "/usr/lib/python3.12/socketserver.py", line 457, in __init__
    self.server_bind()
  File "/usr/lib/python3.12/http/server.py", line 1308, in server_bind
    return super().server_bind()
           ^^^^^^^^^^^^^^^^^^^^^
  File "/usr/lib/python3.12/http/server.py", line 136, in server_bind
    socketserver.TCPServer.server_bind(self)
  File "/usr/lib/python3.12/socketserver.py", line 473, in server_bind
    self.socket.bind(self.server_address)
OSError: [Errno 98] Address already in use
127.0.0.1 - - [27/Jun/2025 20:37:14] "GET / HTTP/1.1" 200 -
127.0.0.1 - - [27/Jun/2025 20:37:14] code 404, message File not found
127.0.0.1 - - [27/Jun/2025 20:37:14] "GET /favicon.ico HTTP/1.1" 404 -
127.0.0.1 - - [27/Jun/2025 20:37:15] "GET / HTTP/1.1" 200 -
127.0.0.1 - - [27/Jun/2025 21:35:38] "GET / HTTP/1.1" 200 -
127.0.0.1 - - [27/Jun/2025 21:35:39] "GET / HTTP/1.1" 200 -
127.0.0.1 - - [27/Jun/2025 21:35:39] "GET / HTTP/1.1" 200 -
127.0.0.1 - - [27/Jun/2025 21:35:39] "GET / HTTP/1.1" 200 -
127.0.0.1 - - [27/Jun/2025 21:35:41] "GET / HTTP/1.1" 200 -
127.0.0.1 - - [27/Jun/2025 21:35:41] code 404, message File not found
127.0.0.1 - - [27/Jun/2025 21:35:41] "GET /favicon.ico HTTP/1.1" 404 -
127.0.0.1 - - [27/Jun/2025 21:35:47] "GET / HTTP/1.1" 200 -
127.0.0.1 - - [27/Jun/2025 21:35:47] code 404, message File not found
127.0.0.1 - - [27/Jun/2025 21:35:47] "GET /favicon.ico HTTP/1.1" 404 -
127.0.0.1 - - [27/Jun/2025 21:38:53] "GET / HTTP/1.1" 200 -
127.0.0.1 - - [27/Jun/2025 21:38:53] "GET /index.js HTTP/1.1" 200 -
127.0.0.1 - - [27/Jun/2025 21:38:53] code 404, message File not found
127.0.0.1 - - [27/Jun/2025 21:38:53] "GET /favicon.ico HTTP/1.1" 404 -
127.0.0.1 - - [27/Jun/2025 21:40:15] "GET / HTTP/1.1" 200 -
127.0.0.1 - - [27/Jun/2025 21:40:15] "GET /index.js HTTP/1.1" 200 -
127.0.0.1 - - [27/Jun/2025 21:40:15] code 404, message File not found
127.0.0.1 - - [27/Jun/2025 21:40:15] "GET /favicon.ico HTTP/1.1" 404 -
127.0.0.1 - - [27/Jun/2025 21:41:10] "GET / HTTP/1.1" 200 -
127.0.0.1 - - [27/Jun/2025 21:41:10] "GET /index.js HTTP/1.1" 200 -
127.0.0.1 - - [27/Jun/2025 21:41:10] code 404, message File not found
127.0.0.1 - - [27/Jun/2025 21:41:10] "GET /favicon.ico HTTP/1.1" 404 -
----------------------------------------
Exception occurred during processing of request from ('127.0.0.1', 53542)
Traceback (most recent call last):
  File "/usr/lib/python3.12/http/server.py", line 731, in send_head
    f = open(path, 'rb')
        ^^^^^^^^^^^^^^^^
FileNotFoundError: [Errno 2] No such file or directory: '/home/speedy/code/life/dist/favicon.ico'

During handling of the above exception, another exception occurred:

Traceback (most recent call last):
  File "/usr/lib/python3.12/socketserver.py", line 692, in process_request_thread
    self.finish_request(request, client_address)
  File "/usr/lib/python3.12/http/server.py", line 1311, in finish_request
    self.RequestHandlerClass(request, client_address, self,
  File "/usr/lib/python3.12/http/server.py", line 672, in __init__
    super().__init__(*args, **kwargs)
  File "/usr/lib/python3.12/socketserver.py", line 761, in __init__
    self.handle()
  File "/usr/lib/python3.12/http/server.py", line 436, in handle
    self.handle_one_request()
  File "/usr/lib/python3.12/http/server.py", line 424, in handle_one_request
    method()
  File "/usr/lib/python3.12/http/server.py", line 676, in do_GET
    f = self.send_head()
        ^^^^^^^^^^^^^^^^
  File "/usr/lib/python3.12/http/server.py", line 733, in send_head
    self.send_error(HTTPStatus.NOT_FOUND, "File not found")
  File "/usr/lib/python3.12/http/server.py", line 491, in send_error
    self.wfile.write(body)
  File "/usr/lib/python3.12/socketserver.py", line 840, in write
    self._sock.sendall(b)
BrokenPipeError: [Errno 32] Broken pipe
----------------------------------------
127.0.0.1 - - [28/Jun/2025 17:01:17] "GET / HTTP/1.1" 200 -
127.0.0.1 - - [28/Jun/2025 17:01:17] "GET /index.js HTTP/1.1" 304 -
127.0.0.1 - - [28/Jun/2025 17:04:11] "GET / HTTP/1.1" 200 -
127.0.0.1 - - [28/Jun/2025 17:04:13] "GET / HTTP/1.1" 200 -
127.0.0.1 - - [28/Jun/2025 17:04:47] "GET / HTTP/1.1" 200 -
127.0.0.1 - - [28/Jun/2025 17:05:15] "GET / HTTP/1.1" 200 -
127.0.0.1 - - [28/Jun/2025 17:06:13] "GET / HTTP/1.1" 200 -
127.0.0.1 - - [28/Jun/2025 17:06:16] "GET / HTTP/1.1" 200 -
127.0.0.1 - - [28/Jun/2025 17:32:04] "GET / HTTP/1.1" 200 -
127.0.0.1 - - [28/Jun/2025 17:32:05] "GET / HTTP/1.1" 200 -
127.0.0.1 - - [28/Jun/2025 17:32:22] "GET / HTTP/1.1" 200 -
127.0.0.1 - - [28/Jun/2025 17:32:23] "GET /index.js HTTP/1.1" 200 -
127.0.0.1 - - [28/Jun/2025 17:32:23] code 404, message File not found
127.0.0.1 - - [28/Jun/2025 17:32:23] "GET /favicon.ico HTTP/1.1" 404 -
127.0.0.1 - - [28/Jun/2025 17:33:31] "GET / HTTP/1.1" 200 -
127.0.0.1 - - [28/Jun/2025 17:33:31] "GET /index.js HTTP/1.1" 200 -
127.0.0.1 - - [28/Jun/2025 17:33:59] "GET / HTTP/1.1" 200 -
127.0.0.1 - - [28/Jun/2025 17:33:59] "GET /index.js HTTP/1.1" 200 -
127.0.0.1 - - [28/Jun/2025 17:34:02] "GET / HTTP/1.1" 200 -
127.0.0.1 - - [28/Jun/2025 17:34:02] "GET /index.js HTTP/1.1" 200 -
127.0.0.1 - - [28/Jun/2025 17:34:02] code 404, message File not found
127.0.0.1 - - [28/Jun/2025 17:34:02] "GET /favicon.ico HTTP/1.1" 404 -
127.0.0.1 - - [28/Jun/2025 17:35:43] "GET / HTTP/1.1" 200 -
127.0.0.1 - - [28/Jun/2025 17:35:43] "GET /index.js HTTP/1.1" 200 -
127.0.0.1 - - [28/Jun/2025 17:35:43] code 404, message File not found
127.0.0.1 - - [28/Jun/2025 17:35:43] "GET /favicon.ico HTTP/1.1" 404 -
127.0.0.1 - - [28/Jun/2025 17:36:39] "GET / HTTP/1.1" 200 -
127.0.0.1 - - [28/Jun/2025 17:36:39] "GET /index.js HTTP/1.1" 200 -
127.0.0.1 - - [28/Jun/2025 17:36:39] code 404, message File not found
127.0.0.1 - - [28/Jun/2025 17:36:39] "GET /favicon.ico HTTP/1.1" 404 -
127.0.0.1 - - [28/Jun/2025 17:37:36] "GET / HTTP/1.1" 200 -
127.0.0.1 - - [28/Jun/2025 17:37:36] "GET /index.js HTTP/1.1" 200 -
127.0.0.1 - - [28/Jun/2025 17:37:40] "GET / HTTP/1.1" 200 -
127.0.0.1 - - [28/Jun/2025 17:37:40] "GET /index.js HTTP/1.1" 304 -
127.0.0.1 - - [28/Jun/2025 17:39:18] "GET / HTTP/1.1" 200 -
127.0.0.1 - - [28/Jun/2025 17:39:18] "GET /index.js HTTP/1.1" 200 -
127.0.0.1 - - [28/Jun/2025 17:39:30] "GET / HTTP/1.1" 200 -
127.0.0.1 - - [28/Jun/2025 17:39:30] "GET /index.js HTTP/1.1" 304 -
127.0.0.1 - - [28/Jun/2025 17:39:40] "GET / HTTP/1.1" 200 -
127.0.0.1 - - [28/Jun/2025 17:39:40] "GET /index.js HTTP/1.1" 304 -
127.0.0.1 - - [28/Jun/2025 17:39:59] "GET / HTTP/1.1" 200 -
127.0.0.1 - - [28/Jun/2025 17:39:59] "GET /index.js HTTP/1.1" 304 -
127.0.0.1 - - [28/Jun/2025 17:40:47] "GET / HTTP/1.1" 200 -
127.0.0.1 - - [28/Jun/2025 17:40:47] "GET /index.js HTTP/1.1" 200 -
127.0.0.1 - - [28/Jun/2025 17:44:20] "GET / HTTP/1.1" 200 -
127.0.0.1 - - [28/Jun/2025 17:44:21] "GET /index.js HTTP/1.1" 200 -
127.0.0.1 - - [28/Jun/2025 17:44:55] "GET / HTTP/1.1" 200 -
127.0.0.1 - - [28/Jun/2025 17:44:56] "GET /index.js HTTP/1.1" 200 -
127.0.0.1 - - [28/Jun/2025 17:46:02] "GET / HTTP/1.1" 200 -
127.0.0.1 - - [28/Jun/2025 17:46:03] "GET /index.js HTTP/1.1" 200 -
127.0.0.1 - - [28/Jun/2025 17:46:17] "GET / HTTP/1.1" 200 -
127.0.0.1 - - [28/Jun/2025 17:46:18] "GET /index.js HTTP/1.1" 200 -
127.0.0.1 - - [28/Jun/2025 17:46:57] "GET / HTTP/1.1" 200 -
127.0.0.1 - - [28/Jun/2025 17:46:57] "GET /index.js HTTP/1.1" 200 -
127.0.0.1 - - [28/Jun/2025 17:49:25] "GET / HTTP/1.1" 200 -
127.0.0.1 - - [28/Jun/2025 17:49:25] "GET /index.js HTTP/1.1" 200 -
127.0.0.1 - - [28/Jun/2025 17:50:58] "GET / HTTP/1.1" 200 -
127.0.0.1 - - [28/Jun/2025 17:50:58] "GET /index.js HTTP/1.1" 200 -
127.0.0.1 - - [28/Jun/2025 17:51:16] "GET / HTTP/1.1" 200 -
127.0.0.1 - - [28/Jun/2025 17:51:16] "GET /index.js HTTP/1.1" 200 -
127.0.0.1 - - [28/Jun/2025 17:54:02] "GET / HTTP/1.1" 200 -
127.0.0.1 - - [28/Jun/2025 17:54:03] "GET /index.js HTTP/1.1" 200 -
127.0.0.1 - - [28/Jun/2025 17:54:44] "GET / HTTP/1.1" 200 -
127.0.0.1 - - [28/Jun/2025 17:54:44] "GET /index.js HTTP/1.1" 200 -
127.0.0.1 - - [28/Jun/2025 17:56:17] "GET / HTTP/1.1" 200 -
127.0.0.1 - - [28/Jun/2025 17:56:17] "GET /index.js HTTP/1.1" 200 -
127.0.0.1 - - [28/Jun/2025 17:56:29] "GET / HTTP/1.1" 200 -
127.0.0.1 - - [28/Jun/2025 17:56:29] "GET /index.js HTTP/1.1" 200 -
127.0.0.1 - - [28/Jun/2025 17:56:45] "GET / HTTP/1.1" 200 -
127.0.0.1 - - [28/Jun/2025 17:56:45] "GET /index.js HTTP/1.1" 304 -
127.0.0.1 - - [28/Jun/2025 17:57:02] "GET / HTTP/1.1" 200 -
127.0.0.1 - - [28/Jun/2025 17:57:02] "GET /index.js HTTP/1.1" 200 -
127.0.0.1 - - [28/Jun/2025 17:57:41] "GET / HTTP/1.1" 200 -
127.0.0.1 - - [28/Jun/2025 17:57:41] "GET /index.js HTTP/1.1" 200 -
127.0.0.1 - - [28/Jun/2025 17:59:48] "GET / HTTP/1.1" 200 -
127.0.0.1 - - [28/Jun/2025 18:00:03] "GET / HTTP/1.1" 200 -
127.0.0.1 - - [28/Jun/2025 18:00:03] "GET /index.js HTTP/1.1" 304 -
127.0.0.1 - - [28/Jun/2025 18:03:29] "GET / HTTP/1.1" 200 -
127.0.0.1 - - [28/Jun/2025 18:03:30] "GET /index.js HTTP/1.1" 200 -
127.0.0.1 - - [28/Jun/2025 18:08:39] "GET / HTTP/1.1" 200 -
127.0.0.1 - - [28/Jun/2025 18:08:39] "GET /index.js HTTP/1.1" 200 -
127.0.0.1 - - [28/Jun/2025 18:09:25] "GET / HTTP/1.1" 200 -
127.0.0.1 - - [28/Jun/2025 18:09:26] "GET /index.js HTTP/1.1" 200 -
127.0.0.1 - - [28/Jun/2025 18:11:04] "GET / HTTP/1.1" 200 -
127.0.0.1 - - [28/Jun/2025 18:11:04] "GET /index.js HTTP/1.1" 200 -
127.0.0.1 - - [28/Jun/2025 18:13:44] "GET / HTTP/1.1" 200 -
127.0.0.1 - - [28/Jun/2025 18:13:45] "GET /index.js HTTP/1.1" 200 -
127.0.0.1 - - [28/Jun/2025 18:15:44] "GET / HTTP/1.1" 200 -
127.0.0.1 - - [28/Jun/2025 18:15:44] "GET /index.js HTTP/1.1" 304 -
127.0.0.1 - - [28/Jun/2025 18:15:55] "GET / HTTP/1.1" 200 -
127.0.0.1 - - [28/Jun/2025 18:15:56] "GET /index.js HTTP/1.1" 304 -
127.0.0.1 - - [28/Jun/2025 18:15:57] "GET / HTTP/1.1" 200 -
127.0.0.1 - - [28/Jun/2025 18:16:12] "GET / HTTP/1.1" 200 -
127.0.0.1 - - [28/Jun/2025 18:16:13] "GET /index.js HTTP/1.1" 304 -
127.0.0.1 - - [28/Jun/2025 18:16:13] "GET / HTTP/1.1" 200 -
127.0.0.1 - - [28/Jun/2025 18:28:16] "GET / HTTP/1.1" 200 -
127.0.0.1 - - [28/Jun/2025 18:28:16] "GET /index.js HTTP/1.1" 200 -
127.0.0.1 - - [28/Jun/2025 18:29:28] "GET / HTTP/1.1" 200 -
127.0.0.1 - - [28/Jun/2025 18:29:28] "GET /index.js HTTP/1.1" 200 -
127.0.0.1 - - [28/Jun/2025 18:34:04] "GET / HTTP/1.1" 200 -
127.0.0.1 - - [28/Jun/2025 18:34:04] "GET /index.js HTTP/1.1" 200 -
127.0.0.1 - - [28/Jun/2025 18:35:09] "GET / HTTP/1.1" 200 -
127.0.0.1 - - [28/Jun/2025 18:35:10] "GET /index.js HTTP/1.1" 200 -
127.0.0.1 - - [28/Jun/2025 18:35:43] "GET / HTTP/1.1" 200 -
127.0.0.1 - - [28/Jun/2025 18:35:43] "GET /index.js HTTP/1.1" 200 -
127.0.0.1 - - [28/Jun/2025 18:38:48] "GET / HTTP/1.1" 200 -
127.0.0.1 - - [28/Jun/2025 18:38:48] "GET /index.js HTTP/1.1" 200 -
127.0.0.1 - - [28/Jun/2025 18:39:31] "GET / HTTP/1.1" 200 -
127.0.0.1 - - [28/Jun/2025 18:39:31] "GET /index.js HTTP/1.1" 200 -
127.0.0.1 - - [28/Jun/2025 18:42:42] "GET / HTTP/1.1" 200 -
127.0.0.1 - - [28/Jun/2025 18:42:42] "GET /index.js HTTP/1.1" 200 -
127.0.0.1 - - [28/Jun/2025 18:42:42] code 404, message File not found
127.0.0.1 - - [28/Jun/2025 18:42:42] "GET /favicon.ico HTTP/1.1" 404 -
----------------------------------------
Exception occurred during processing of request from ('127.0.0.1', 50336)
Traceback (most recent call last):
  File "/usr/lib/python3.12/http/server.py", line 731, in send_head
    f = open(path, 'rb')
        ^^^^^^^^^^^^^^^^
FileNotFoundError: [Errno 2] No such file or directory: '/home/speedy/code/life/dist/favicon.ico'

During handling of the above exception, another exception occurred:

Traceback (most recent call last):
  File "/usr/lib/python3.12/socketserver.py", line 692, in process_request_thread
    self.finish_request(request, client_address)
  File "/usr/lib/python3.12/http/server.py", line 1311, in finish_request
    self.RequestHandlerClass(request, client_address, self,
  File "/usr/lib/python3.12/http/server.py", line 672, in __init__
    super().__init__(*args, **kwargs)
  File "/usr/lib/python3.12/socketserver.py", line 761, in __init__
    self.handle()
  File "/usr/lib/python3.12/http/server.py", line 436, in handle
    self.handle_one_request()
  File "/usr/lib/python3.12/http/server.py", line 424, in handle_one_request
    method()
  File "/usr/lib/python3.12/http/server.py", line 676, in do_GET
    f = self.send_head()
        ^^^^^^^^^^^^^^^^
  File "/usr/lib/python3.12/http/server.py", line 733, in send_head
    self.send_error(HTTPStatus.NOT_FOUND, "File not found")
  File "/usr/lib/python3.12/http/server.py", line 491, in send_error
    self.wfile.write(body)
  File "/usr/lib/python3.12/socketserver.py", line 840, in write
    self._sock.sendall(b)
BrokenPipeError: [Errno 32] Broken pipe
----------------------------------------
127.0.0.1 - - [28/Jun/2025 18:48:20] "GET / HTTP/1.1" 200 -
127.0.0.1 - - [28/Jun/2025 18:48:21] "GET /index.js HTTP/1.1" 200 -
127.0.0.1 - - [28/Jun/2025 18:49:03] "GET / HTTP/1.1" 200 -
127.0.0.1 - - [28/Jun/2025 18:49:03] "GET /index.js HTTP/1.1" 200 -
127.0.0.1 - - [28/Jun/2025 18:53:43] "GET / HTTP/1.1" 200 -
127.0.0.1 - - [28/Jun/2025 18:53:43] "GET /index.js HTTP/1.1" 200 -
127.0.0.1 - - [28/Jun/2025 18:56:11] "GET / HTTP/1.1" 200 -
127.0.0.1 - - [28/Jun/2025 18:56:11] "GET /index.js HTTP/1.1" 200 -
127.0.0.1 - - [28/Jun/2025 18:56:24] "GET / HTTP/1.1" 200 -
127.0.0.1 - - [28/Jun/2025 18:56:25] "GET /index.js HTTP/1.1" 304 -
127.0.0.1 - - [28/Jun/2025 18:56:42] "GET / HTTP/1.1" 200 -
127.0.0.1 - - [28/Jun/2025 18:56:42] "GET /index.js HTTP/1.1" 200 -
127.0.0.1 - - [28/Jun/2025 19:00:05] "GET / HTTP/1.1" 200 -
127.0.0.1 - - [28/Jun/2025 19:00:05] "GET /index.js HTTP/1.1" 200 -
127.0.0.1 - - [28/Jun/2025 19:02:37] "GET / HTTP/1.1" 200 -
127.0.0.1 - - [28/Jun/2025 19:02:37] "GET /index.js HTTP/1.1" 200 -
127.0.0.1 - - [28/Jun/2025 19:12:26] "GET / HTTP/1.1" 200 -
127.0.0.1 - - [28/Jun/2025 19:12:27] "GET /index.js HTTP/1.1" 200 -
127.0.0.1 - - [28/Jun/2025 19:27:27] "GET / HTTP/1.1" 200 -
127.0.0.1 - - [28/Jun/2025 19:27:28] "GET /index.js HTTP/1.1" 200 -
127.0.0.1 - - [28/Jun/2025 19:28:07] "GET / HTTP/1.1" 200 -
127.0.0.1 - - [28/Jun/2025 19:28:08] "GET /index.js HTTP/1.1" 200 -
127.0.0.1 - - [28/Jun/2025 19:38:25] "GET / HTTP/1.1" 200 -
127.0.0.1 - - [28/Jun/2025 19:38:25] "GET /index.js HTTP/1.1" 304 -
